 
****************************************
Report : area
Design : Segway
Version: X-2025.06
Date   : Sun Dec  7 15:23:46 2025
****************************************

Library(s) Used:

    saed32rvt_tt0p85v25c (File: /cae/apps/data/saed32_edk-2022/lib/stdcell_rvt/db_nldm/saed32rvt_tt0p85v25c.db)

Number of ports:                           20
Number of nets:                          3972
Number of cells:                         3571
Number of combinational cells:           3153
Number of sequential cells:               417
Number of macros/black boxes:               0
Number of buf/inv:                        639
Number of references:                      86

Combinational area:               8307.459083
Buf/Inv area:                     1232.090114
Noncombinational area:            2941.971000
Macro/Black Box area:                0.000000
Net Interconnect area:            2163.743380

Total cell area:                 11249.430083
Total area:                      13413.173463
1
